<?xml version="1.0" encoding="UTF-8"?>
<testsuites name="jest tests" tests="2" failures="0" errors="0" time="2.835">
  <testsuite name="undefined" errors="0" failures="0" skipped="0" timestamp="2021-03-12T01:56:13" time="2.758" tests="2">
    <testcase classname=" Sample Test" name=" Sample Test" time="0.002">
    </testcase>
    <testcase classname="Get / should return Hello World as JSON" name="Get / should return Hello World as JSON" time="0.038">
    </testcase>
  </testsuite>
</testsuites>